Build started 2017/3/18 22:12:24.
     1>Project "D:\SVNWorkspace\cpp_test\myTextQuery\myTextQuery\myTextQuery.vcxproj" on node 2 (Build target(s)).
     1>ClCompile:
         C:\Program Files (x86)\Microsoft Visual Studio 14.0\VC\bin\CL.exe /c /ZI /nologo /W3 /WX- /Od /Oy- /D WIN32 /D _DEBUG /D _CONSOLE /D _UNICODE /D UNICODE /Gm /EHsc /RTC1 /MDd /GS /fp:precise /Zc:wchar_t /Zc:forScope /Zc:inline /Fo"Debug\\" /Fd"Debug\vc140.pdb" /Gd /TP /analyze- /errorReport:prompt AndQuery.cpp NotQuery.cpp OrQuery.cpp
         OrQuery.cpp
         NotQuery.cpp
     1>d:\svnworkspace\cpp_test\mytextquery\mytextquery\notquery.cpp(20): warning C4018: '<': signed/unsigned mismatch
         AndQuery.cpp
         Generating Code...
       Link:
         C:\Program Files (x86)\Microsoft Visual Studio 14.0\VC\bin\link.exe /ERRORREPORT:PROMPT /OUT:"D:\SVNWorkspace\cpp_test\myTextQuery\Debug\myTextQuery.exe" /INCREMENTAL /NOLOGO kernel32.lib user32.lib gdi32.lib winspool.lib comdlg32.lib advapi32.lib shell32.lib ole32.lib oleaut32.lib uuid.lib odbc32.lib odbccp32.lib /MANIFEST /MANIFESTUAC:"level='asInvoker' uiAccess='false'" /manifest:embed /Debug /PDB:"D:\SVNWorkspace\cpp_test\myTextQuery\Debug\myTextQuery.pdb" /SUBSYSTEM:CONSOLE /TLBID:1 /DYNAMICBASE /NXCOMPAT /IMPLIB:"D:\SVNWorkspace\cpp_test\myTextQuery\Debug\myTextQuery.lib" /MACHINE:X86 Debug\AndQuery.obj
         Debug\CmdLine.obj
         Debug\expr_parser.obj
         Debug\main.obj
         Debug\NotQuery.obj
         Debug\OrQuery.obj
         Debug\Query.obj
         Debug\Text.obj
         Debug\WordQuery.obj
         myTextQuery.vcxproj -> D:\SVNWorkspace\cpp_test\myTextQuery\Debug\myTextQuery.exe
     1>Done Building Project "D:\SVNWorkspace\cpp_test\myTextQuery\myTextQuery\myTextQuery.vcxproj" (Build target(s)).

Build succeeded.

Time Elapsed 00:00:05.29
